=== Hotel Management System ===

[1/3] Compiling project...
.\run.bat : src\com\h
otel\controller\Payme
ntController.java:500
: error: cannot find 
symbol
At line:1 char:1
+ .\run.bat 2>&1 | 
Out-File -FilePath "c
ompilation_error.log"
 -Encoding ...
+ ~~~~~~~~~~~~~~
    + CategoryInfo   
           : NotSpe  
  cified: (src\com   
 \hotel\c...not f    
ind symbol:Strin    
g) [], RemoteExc    
eption
    + FullyQualified 
   ErrorId : Native  
  CommandError
 
        samplePayment
s.add(new Payment(3, 
reservations.get(2), 
300.0, PaymentMethod.
BANK_TRANSFER,
                     
                     
                     
                    ^
  symbol:   variable 
BANK_TRANSFER
  location: class 
PaymentMethod
1 error
[ERROR] Compilation failed!
Please check the error messages above.
